<?xml version="1.0" encoding="UTF-8"?>
<!-- Generated by org.testng.reporters.JUnitXMLReporter -->
<testsuite hostname="LAPTOP-MPIRELNE" ignored="0" name="Default test" tests="2" failures="0" timestamp="2020-04-16T13:22:19 BRT" time="28.139" errors="0">
  <testcase name="runScenario" time="11.229" classname="io.cucumber.testng.AbstractTestNGCucumberTests"/>
  <testcase name="runScenario" time="16.51" classname="io.cucumber.testng.AbstractTestNGCucumberTests"/>
</testsuite> <!-- Default test -->
