<?xml version="1.0" encoding="UTF-8"?>
<testng-results skipped="0" failed="0" ignored="0" total="1" passed="1">
  <reporter-output>
  </reporter-output>
  <suite name="runnerFiles.RunTestNGTest" duration-ms="22738" started-at="2020-04-16T13:42:04 BRT" finished-at="2020-04-16T13:42:27 BRT">
    <groups>
      <group name="cucumber">
        <method signature="AbstractTestNGCucumberTests.runScenario(io.cucumber.testng.PickleWrapper, io.cucumber.testng.FeatureWrapper)[pri:0, instance:runnerFiles.RunTestNGTest@25bbe1b6]" name="runScenario" class="io.cucumber.testng.AbstractTestNGCucumberTests"/>
      </group> <!-- cucumber -->
    </groups>
    <test name="Command line test" duration-ms="22738" started-at="2020-04-16T13:42:04 BRT" finished-at="2020-04-16T13:42:27 BRT">
      <class name="runnerFiles.RunTestNGTest">
        <test-method status="PASS" signature="setUpClass()[pri:0, instance:runnerFiles.RunTestNGTest@25bbe1b6]" name="setUpClass" is-config="true" duration-ms="305" started-at="2020-04-16T13:42:04 BRT" finished-at="2020-04-16T13:42:05 BRT">
          <reporter-output>
          </reporter-output>
        </test-method> <!-- setUpClass -->
        <test-method status="PASS" signature="runScenario(io.cucumber.testng.PickleWrapper, io.cucumber.testng.FeatureWrapper)[pri:0, instance:runnerFiles.RunTestNGTest@25bbe1b6]" name="runScenario" duration-ms="22244" started-at="2020-04-16T13:42:05 BRT" description="Runs Cucumber Scenarios" data-provider="scenarios" finished-at="2020-04-16T13:42:27 BRT">
          <params>
            <param index="0">
              <value>
                <![CDATA["Acessar o o site e bucar um produto"]]>
              </value>
            </param>
            <param index="1">
              <value>
                <![CDATA["Acessar o sistema web do magazine Luiza, bucar produtos, adicionar ao carrinho e validar itens"]]>
              </value>
            </param>
          </params>
          <reporter-output>
          </reporter-output>
        </test-method> <!-- runScenario -->
        <test-method status="PASS" signature="tearDownClass()[pri:0, instance:runnerFiles.RunTestNGTest@25bbe1b6]" name="tearDownClass" is-config="true" duration-ms="115" started-at="2020-04-16T13:42:27 BRT" finished-at="2020-04-16T13:42:27 BRT">
          <reporter-output>
          </reporter-output>
        </test-method> <!-- tearDownClass -->
      </class> <!-- runnerFiles.RunTestNGTest -->
    </test> <!-- Command line test -->
  </suite> <!-- runnerFiles.RunTestNGTest -->
</testng-results>
