<?xml version="1.0" encoding="UTF-8"?>
<testng-results skipped="0" failed="0" ignored="0" total="2" passed="2">
  <reporter-output>
  </reporter-output>
  <suite name="Default suite" duration-ms="28139" started-at="2020-04-16T13:21:51 BRT" finished-at="2020-04-16T13:22:19 BRT">
    <groups>
      <group name="cucumber">
        <method signature="AbstractTestNGCucumberTests.runScenario(io.cucumber.testng.PickleWrapper, io.cucumber.testng.FeatureWrapper)[pri:0, instance:runnerFiles.RunTestNGTest@27a8c74e]" name="runScenario" class="io.cucumber.testng.AbstractTestNGCucumberTests"/>
      </group> <!-- cucumber -->
    </groups>
    <test name="Default test" duration-ms="28139" started-at="2020-04-16T13:21:51 BRT" finished-at="2020-04-16T13:22:19 BRT">
      <class name="runnerFiles.RunTestNGTest">
        <test-method status="PASS" signature="setUpClass()[pri:0, instance:runnerFiles.RunTestNGTest@27a8c74e]" name="setUpClass" is-config="true" duration-ms="243" started-at="2020-04-16T13:21:51 BRT" finished-at="2020-04-16T13:21:52 BRT">
          <reporter-output>
          </reporter-output>
        </test-method> <!-- setUpClass -->
        <test-method status="PASS" signature="runScenario(io.cucumber.testng.PickleWrapper, io.cucumber.testng.FeatureWrapper)[pri:0, instance:runnerFiles.RunTestNGTest@27a8c74e]" name="runScenario" duration-ms="11229" started-at="2020-04-16T13:21:52 BRT" description="Runs Cucumber Scenarios" data-provider="scenarios" finished-at="2020-04-16T13:22:03 BRT">
          <params>
            <param index="0">
              <value>
                <![CDATA["Acessar o o site e bucar um produto"]]>
              </value>
            </param>
            <param index="1">
              <value>
                <![CDATA["Acessar o sistema web do magazine Luiza, bucar produtos, adicionar ao carrinho e validar itens"]]>
              </value>
            </param>
          </params>
          <reporter-output>
          </reporter-output>
        </test-method> <!-- runScenario -->
        <test-method status="PASS" signature="runScenario(io.cucumber.testng.PickleWrapper, io.cucumber.testng.FeatureWrapper)[pri:0, instance:runnerFiles.RunTestNGTest@27a8c74e]" name="runScenario" duration-ms="16510" started-at="2020-04-16T13:22:03 BRT" description="Runs Cucumber Scenarios" data-provider="scenarios" finished-at="2020-04-16T13:22:19 BRT">
          <params>
            <param index="0">
              <value>
                <![CDATA["Acessar o o site e bucar um produto"]]>
              </value>
            </param>
            <param index="1">
              <value>
                <![CDATA["Acessar o sistema web do magazine Luiza, bucar produtos, adicionar ao carrinho e validar itens"]]>
              </value>
            </param>
          </params>
          <reporter-output>
          </reporter-output>
        </test-method> <!-- runScenario -->
        <test-method status="PASS" signature="tearDownClass()[pri:0, instance:runnerFiles.RunTestNGTest@27a8c74e]" name="tearDownClass" is-config="true" duration-ms="112" started-at="2020-04-16T13:22:19 BRT" finished-at="2020-04-16T13:22:19 BRT">
          <reporter-output>
          </reporter-output>
        </test-method> <!-- tearDownClass -->
      </class> <!-- runnerFiles.RunTestNGTest -->
    </test> <!-- Default test -->
  </suite> <!-- Default suite -->
</testng-results>
